<?xml version="1.0" encoding="UTF-8"?>
<!-- Generated by org.testng.reporters.JUnitReportReporter -->
<testsuite hostname="DESKTOP-OU50UTA" failures="1" tests="1" name="com.framework.qa.testcases.LoginPageTest" time="0.031" errors="0" timestamp="7 Dec 2020 07:01:01 GMT">
  <testcase classname="com.framework.qa.testcases.LoginPageTest" name="loginTest" time="0.031">
    <failure message="unknown error: cannot find MSEdge binary
Build info: version: &#039;3.141.59&#039;, revision: &#039;e82be7d358&#039;, time: &#039;2018-11-14T08:17:03&#039;
System info: host: &#039;DESKTOP-OU50UTA&#039;, ip: &#039;10.10.0.86&#039;, os.name: &#039;Windows 10&#039;, os.arch: &#039;amd64&#039;, os.version: &#039;10.0&#039;, java.version: &#039;11.0.6&#039;
Driver info: driver.version: EdgeDriver
remote stacktrace: Backtrace:
	Ordinal0 [0x00C51503+3413251]
	Ordinal0 [0x00A01208+987656]
	Ordinal0 [0x0097EFC0+454592]
	Ordinal0 [0x0097CD8D+445837]
	Ordinal0 [0x009A49BA+608698]
	Ordinal0 [0x009A438E+607118]
	Ordinal0 [0x009A076B+591723]
	Ordinal0 [0x0098545D+480349]
	Ordinal0 [0x0098620A+483850]
	Ordinal0 [0x009861A7+483751]
	Ordinal0 [0x00B604FC+2426108]
	GetHandleVerifier [0x00D60781+1000241]
	GetHandleVerifier [0x00D6E32F+1056479]
	GetHandleVerifier [0x00D6128F+1003071]
	Ordinal0 [0x00B58301+2392833]
	Ordinal0 [0x00B6229B+2433691]
	Ordinal0 [0x00B6242A+2434090]
	Ordinal0 [0x00B733C0+2503616]
	BaseThreadInitThunk [0x753F3744+36]
	RtlSetCurrentTransaction [0x7792A064+212]
	RtlSetCurrentTransaction [0x7792A02F+159]
" type="org.openqa.selenium.WebDriverException">
      <![CDATA[org.openqa.selenium.WebDriverException: unknown error: cannot find MSEdge binary
Build info: version: '3.141.59', revision: 'e82be7d358', time: '2018-11-14T08:17:03'
System info: host: 'DESKTOP-OU50UTA', ip: '10.10.0.86', os.name: 'Windows 10', os.arch: 'amd64', os.version: '10.0', java.version: '11.0.6'
Driver info: driver.version: EdgeDriver
remote stacktrace: Backtrace:
	Ordinal0 [0x00C51503+3413251]
	Ordinal0 [0x00A01208+987656]
	Ordinal0 [0x0097EFC0+454592]
	Ordinal0 [0x0097CD8D+445837]
	Ordinal0 [0x009A49BA+608698]
	Ordinal0 [0x009A438E+607118]
	Ordinal0 [0x009A076B+591723]
	Ordinal0 [0x0098545D+480349]
	Ordinal0 [0x0098620A+483850]
	Ordinal0 [0x009861A7+483751]
	Ordinal0 [0x00B604FC+2426108]
	GetHandleVerifier [0x00D60781+1000241]
	GetHandleVerifier [0x00D6E32F+1056479]
	GetHandleVerifier [0x00D6128F+1003071]
	Ordinal0 [0x00B58301+2392833]
	Ordinal0 [0x00B6229B+2433691]
	Ordinal0 [0x00B6242A+2434090]
	Ordinal0 [0x00B733C0+2503616]
	BaseThreadInitThunk [0x753F3744+36]
	RtlSetCurrentTransaction [0x7792A064+212]
	RtlSetCurrentTransaction [0x7792A02F+159]

	at java.base/jdk.internal.reflect.NativeConstructorAccessorImpl.newInstance0(Native Method)
	at java.base/jdk.internal.reflect.NativeConstructorAccessorImpl.newInstance(NativeConstructorAccessorImpl.java:62)
	at java.base/jdk.internal.reflect.DelegatingConstructorAccessorImpl.newInstance(DelegatingConstructorAccessorImpl.java:45)
	at java.base/java.lang.reflect.Constructor.newInstance(Constructor.java:490)
	at org.openqa.selenium.remote.W3CHandshakeResponse.lambda$errorHandler$0(W3CHandshakeResponse.java:62)
	at org.openqa.selenium.remote.HandshakeResponse.lambda$getResponseFunction$0(HandshakeResponse.java:30)
	at org.openqa.selenium.remote.ProtocolHandshake.lambda$createSession$0(ProtocolHandshake.java:126)
	at java.base/java.util.stream.ReferencePipeline$3$1.accept(ReferencePipeline.java:195)
	at java.base/java.util.Spliterators$ArraySpliterator.tryAdvance(Spliterators.java:958)
	at java.base/java.util.stream.ReferencePipeline.forEachWithCancel(ReferencePipeline.java:127)
	at java.base/java.util.stream.AbstractPipeline.copyIntoWithCancel(AbstractPipeline.java:502)
	at java.base/java.util.stream.AbstractPipeline.copyInto(AbstractPipeline.java:488)
	at java.base/java.util.stream.AbstractPipeline.wrapAndCopyInto(AbstractPipeline.java:474)
	at java.base/java.util.stream.FindOps$FindOp.evaluateSequential(FindOps.java:150)
	at java.base/java.util.stream.AbstractPipeline.evaluate(AbstractPipeline.java:234)
	at java.base/java.util.stream.ReferencePipeline.findFirst(ReferencePipeline.java:543)
	at org.openqa.selenium.remote.ProtocolHandshake.createSession(ProtocolHandshake.java:128)
	at org.openqa.selenium.remote.ProtocolHandshake.createSession(ProtocolHandshake.java:74)
	at org.openqa.selenium.remote.HttpCommandExecutor.execute(HttpCommandExecutor.java:136)
	at org.openqa.selenium.remote.service.DriverCommandExecutor.execute(DriverCommandExecutor.java:83)
	at org.openqa.selenium.remote.RemoteWebDriver.execute(RemoteWebDriver.java:552)
	at org.openqa.selenium.remote.RemoteWebDriver.startSession(RemoteWebDriver.java:213)
	at org.openqa.selenium.remote.RemoteWebDriver.<init>(RemoteWebDriver.java:131)
	at org.openqa.selenium.edge.EdgeDriver.<init>(EdgeDriver.java:141)
	at org.openqa.selenium.edge.EdgeDriver.<init>(EdgeDriver.java:96)
	at com.framework.qa.base.TestBase.initialisation(TestBase.java:65)
	at com.framework.qa.testcases.LoginPageTest.setUp(LoginPageTest.java:25)
	at java.base/jdk.internal.reflect.NativeMethodAccessorImpl.invoke0(Native Method)
	at java.base/jdk.internal.reflect.NativeMethodAccessorImpl.invoke(NativeMethodAccessorImpl.java:62)
	at java.base/jdk.internal.reflect.DelegatingMethodAccessorImpl.invoke(DelegatingMethodAccessorImpl.java:43)
	at java.base/java.lang.reflect.Method.invoke(Method.java:566)
	at org.testng.internal.MethodInvocationHelper.invokeMethod(MethodInvocationHelper.java:80)
	at org.testng.internal.Invoker.invokeConfigurationMethod(Invoker.java:564)
	at org.testng.internal.Invoker.invokeConfigurations(Invoker.java:213)
	at org.testng.internal.Invoker.invokeMethod(Invoker.java:653)
	at org.testng.internal.Invoker.invokeTestMethod(Invoker.java:901)
	at org.testng.internal.Invoker.invokeTestMethods(Invoker.java:1231)
	at org.testng.internal.TestMethodWorker.invokeTestMethods(TestMethodWorker.java:127)
	at org.testng.internal.TestMethodWorker.run(TestMethodWorker.java:111)
	at org.testng.TestRunner.privateRun(TestRunner.java:767)
	at org.testng.TestRunner.run(TestRunner.java:617)
	at org.testng.SuiteRunner.runTest(SuiteRunner.java:334)
	at org.testng.SuiteRunner.runSequentially(SuiteRunner.java:329)
	at org.testng.SuiteRunner.privateRun(SuiteRunner.java:291)
	at org.testng.SuiteRunner.run(SuiteRunner.java:240)
	at org.testng.SuiteRunnerWorker.runSuite(SuiteRunnerWorker.java:52)
	at org.testng.SuiteRunnerWorker.run(SuiteRunnerWorker.java:86)
	at org.testng.TestNG.runSuitesSequentially(TestNG.java:1198)
	at org.testng.TestNG.runSuitesLocally(TestNG.java:1123)
	at org.testng.TestNG.run(TestNG.java:1031)
	at org.testng.remote.AbstractRemoteTestNG.run(AbstractRemoteTestNG.java:115)
	at org.testng.remote.RemoteTestNG.initAndRun(RemoteTestNG.java:251)
	at org.testng.remote.RemoteTestNG.main(RemoteTestNG.java:77)
]]>
    </failure>
  </testcase> <!-- loginTest -->
</testsuite> <!-- com.framework.qa.testcases.LoginPageTest -->
